# JRE version: OpenJDK Runtime Environment JBR-11.0.13.7-1751.25-jcef (11.0.13+7) (build 11.0.13+7-b1751.25)
# Java VM: OpenJDK 64-Bit Server VM JBR-11.0.13.7-1751.25-jcef (11.0.13+7-b1751.25, mixed mode, tiered, compressed oops, g1 gc, windows-amd64)
Heap:
 garbage-first heap   total 131072K, used 8322K [0x00000000d1200000, 0x0000000100000000)
  region size 1024K, 6 young (6144K), 0 survivors (0K)
 Metaspace       used 15424K, capacity 15782K, committed 16640K, reserved 1064960K
  class space    used 1419K, capacity 1534K, committed 1792K, reserved 1048576K
GC Heap History (20 events):
Event: 363604.323 GC heap before
{Heap before GC invocations=101 (full 100):
 garbage-first heap   total 131072K, used 8322K [0x00000000d1200000, 0x0000000100000000)
  region size 1024K, 6 young (6144K), 0 survivors (0K)
 Metaspace       used 15424K, capacity 15782K, committed 16640K, reserved 1064960K
  class space    used 1419K, capacity 1534K, committed 1792K, reserved 1048576K
}
Event: 363604.337 GC heap after
{Heap after GC invocations=102 (full 101):
 garbage-first heap   total 131072K, used 3202K [0x00000000d1200000, 0x0000000100000000)
  region size 1024K, 0 young (0K), 0 survivors (0K)
 Metaspace       used 15424K, capacity 15782K, committed 16640K, reserved 1064960K
  class space    used 1419K, capacity 1534K, committed 1792K, reserved 1048576K
}
Event: 367204.341 GC heap before
{Heap before GC invocations=102 (full 101):
 garbage-first heap   total 131072K, used 8322K [0x00000000d1200000, 0x0000000100000000)
  region size 1024K, 6 young (6144K), 0 survivors (0K)
 Metaspace       used 15424K, capacity 15782K, committed 16640K, reserved 1064960K
  class space    used 1419K, capacity 1534K, committed 1792K, reserved 1048576K
}
Event: 367204.356 GC heap after
{Heap after GC invocations=103 (full 102):
 garbage-first heap   total 131072K, used 3202K [0x00000000d1200000, 0x0000000100000000)
  region size 1024K, 0 young (0K), 0 survivors (0K)
 Metaspace       used 15424K, capacity 15782K, committed 16640K, reserved 1064960K
  class space    used 1419K, capacity 1534K, committed 1792K, reserved 1048576K
}
Event: 370804.357 GC heap before
{Heap before GC invocations=103 (full 102):
 garbage-first heap   total 131072K, used 8322K [0x00000000d1200000, 0x0000000100000000)
  region size 1024K, 6 young (6144K), 0 survivors (0K)
 Metaspace       used 15424K, capacity 15782K, committed 16640K, reserved 1064960K
  class space    used 1419K, capacity 1534K, committed 1792K, reserved 1048576K
}
Event: 370804.364 GC heap after
{Heap after GC invocations=104 (full 103):
 garbage-first heap   total 131072K, used 3202K [0x00000000d1200000, 0x0000000100000000)
  region size 1024K, 0 young (0K), 0 survivors (0K)
 Metaspace       used 15424K, capacity 15782K, committed 16640K, reserved 1064960K
  class space    used 1419K, capacity 1534K, committed 1792K, reserved 1048576K
}
Event: 374404.364 GC heap before
{Heap before GC invocations=104 (full 103):
 garbage-first heap   total 131072K, used 8322K [0x00000000d1200000, 0x0000000100000000)
  region size 1024K, 6 young (6144K), 0 survivors (0K)
 Metaspace       used 15424K, capacity 15782K, committed 16640K, reserved 1064960K
  class space    used 1419K, capacity 1534K, committed 1792K, reserved 1048576K
}
Event: 374404.378 GC heap after
{Heap after GC invocations=105 (full 104):
 garbage-first heap   total 131072K, used 3202K [0x00000000d1200000, 0x0000000100000000)
  region size 1024K, 0 young (0K), 0 survivors (0K)
 Metaspace       used 15424K, capacity 15782K, committed 16640K, reserved 1064960K
  class space    used 1419K, capacity 1534K, committed 1792K, reserved 1048576K
}
Event: 378004.386 GC heap before
{Heap before GC invocations=105 (full 104):
 garbage-first heap   total 131072K, used 8322K [0x00000000d1200000, 0x0000000100000000)
  region size 1024K, 6 young (6144K), 0 survivors (0K)
 Metaspace       used 15424K, capacity 15782K, committed 16640K, reserved 1064960K
  class space    used 1419K, capacity 1534K, committed 1792K, reserved 1048576K
}
Event: 378004.394 GC heap after
{Heap after GC invocations=106 (full 105):
 garbage-first heap   total 131072K, used 3202K [0x00000000d1200000, 0x0000000100000000)
  region size 1024K, 0 young (0K), 0 survivors (0K)
 Metaspace       used 15424K, capacity 15782K, committed 16640K, reserved 1064960K
  class space    used 1419K, capacity 1534K, committed 1792K, reserved 1048576K
}
Event: 381604.402 GC heap before
{Heap before GC invocations=106 (full 105):
 garbage-first heap   total 131072K, used 8322K [0x00000000d1200000, 0x0000000100000000)
  region size 1024K, 6 young (6144K), 0 survivors (0K)
 Metaspace       used 15424K, capacity 15782K, committed 16640K, reserved 1064960K
  class space    used 1419K, capacity 1534K, committed 1792K, reserved 1048576K
}
Event: 381604.417 GC heap after
{Heap after GC invocations=107 (full 106):
 garbage-first heap   total 131072K, used 3202K [0x00000000d1200000, 0x0000000100000000)
  region size 1024K, 0 young (0K), 0 survivors (0K)
 Metaspace       used 15424K, capacity 15782K, committed 16640K, reserved 1064960K
  class space    used 1419K, capacity 1534K, committed 1792K, reserved 1048576K
}
Event: 385204.431 GC heap before
{Heap before GC invocations=107 (full 106):
 garbage-first heap   total 131072K, used 8322K [0x00000000d1200000, 0x0000000100000000)
  region size 1024K, 6 young (6144K), 0 survivors (0K)
 Metaspace       used 15424K, capacity 15782K, committed 16640K, reserved 1064960K
  class space    used 1419K, capacity 1534K, committed 1792K, reserved 1048576K
}
Event: 385204.446 GC heap after
{Heap after GC invocations=108 (full 107):
 garbage-first heap   total 131072K, used 3202K [0x00000000d1200000, 0x0000000100000000)
  region size 1024K, 0 young (0K), 0 survivors (0K)
 Metaspace       used 15424K, capacity 15782K, committed 16640K, reserved 1064960K
  class space    used 1419K, capacity 1534K, committed 1792K, reserved 1048576K
}
Event: 388804.458 GC heap before
{Heap before GC invocations=108 (full 107):
 garbage-first heap   total 131072K, used 8322K [0x00000000d1200000, 0x0000000100000000)
  region size 1024K, 6 young (6144K), 0 survivors (0K)
 Metaspace       used 15424K, capacity 15782K, committed 16640K, reserved 1064960K
  class space    used 1419K, capacity 1534K, committed 1792K, reserved 1048576K
}
Event: 388804.472 GC heap after
{Heap after GC invocations=109 (full 108):
 garbage-first heap   total 131072K, used 3202K [0x00000000d1200000, 0x0000000100000000)
  region size 1024K, 0 young (0K), 0 survivors (0K)
 Metaspace       used 15424K, capacity 15782K, committed 16640K, reserved 1064960K
  class space    used 1419K, capacity 1534K, committed 1792K, reserved 1048576K
}
Event: 392404.481 GC heap before
{Heap before GC invocations=109 (full 108):
 garbage-first heap   total 131072K, used 8322K [0x00000000d1200000, 0x0000000100000000)
  region size 1024K, 6 young (6144K), 0 survivors (0K)
 Metaspace       used 15424K, capacity 15782K, committed 16640K, reserved 1064960K
  class space    used 1419K, capacity 1534K, committed 1792K, reserved 1048576K
}
Event: 392404.495 GC heap after
{Heap after GC invocations=110 (full 109):
 garbage-first heap   total 131072K, used 3202K [0x00000000d1200000, 0x0000000100000000)
  region size 1024K, 0 young (0K), 0 survivors (0K)
 Metaspace       used 15424K, capacity 15782K, committed 16640K, reserved 1064960K
  class space    used 1419K, capacity 1534K, committed 1792K, reserved 1048576K
}
Event: 396004.502 GC heap before
{Heap before GC invocations=110 (full 109):
 garbage-first heap   total 131072K, used 8322K [0x00000000d1200000, 0x0000000100000000)
  region size 1024K, 6 young (6144K), 0 survivors (0K)
 Metaspace       used 15424K, capacity 15782K, committed 16640K, reserved 1064960K
  class space    used 1419K, capacity 1534K, committed 1792K, reserved 1048576K
}
Event: 396004.516 GC heap after
{Heap after GC invocations=111 (full 110):
 garbage-first heap   total 131072K, used 3202K [0x00000000d1200000, 0x0000000100000000)
  region size 1024K, 0 young (0K), 0 survivors (0K)
 Metaspace       used 15424K, capacity 15782K, committed 16640K, reserved 1064960K
  class space    used 1419K, capacity 1534K, committed 1792K, reserved 1048576K
}

